<?xml version="1.0" encoding="UTF-8"?>
<!-- Generated by org.testng.reporters.JUnitXMLReporter -->
<testsuite ignored="0" hostname="LAPTOP-2TLK4OJJ" failures="2" tests="2" name="Test" time="7.807" errors="0" timestamp="2022-12-03T01:25:02 IST">
  <testcase classname="io.cucumber.testng.AbstractTestNGCucumberTests" name="runScenario" time="7.291">
    <failure type="java.lang.AssertionError" message="StepFail: Login unsuccessful expected [true] but found [false]">
      <![CDATA[java.lang.AssertionError: StepFail: Login unsuccessful expected [true] but found [false]
at stepDefinitions.StepDefinition.login_success_is_something(StepDefinition.java:84)
at ✽.Login success is "true"(file:///C:/Mayur/JulyMorning/E2EFramework/src/test/java/features/OrangeHRMLogin.feature:12)
... Removed 3 stack frames]]>
    </failure>
  </testcase> <!-- runScenario -->
  <testcase classname="io.cucumber.testng.AbstractTestNGCucumberTests" name="runScenario" time="7.317">
    <failure type="java.lang.NullPointerException" message="Cannot invoke &amp;quot;org.openqa.selenium.TakesScreenshot.getScreenshotAs(org.openqa.selenium.OutputType)&amp;quot; because &amp;quot;driver&amp;quot; is null">
      <![CDATA[java.lang.NullPointerException: Cannot invoke "org.openqa.selenium.TakesScreenshot.getScreenshotAs(org.openqa.selenium.OutputType)" because "driver" is null
at resources.Base.getScreenshot(Base.java:69)
at resources.Listeners.onTestFailure(Listeners.java:41)
at java.base/java.util.ArrayList.forEach(ArrayList.java:1511)
... Removed 24 stack frames]]>
    </failure>
  </testcase> <!-- runScenario -->
</testsuite> <!-- Test -->
